<?xml version="1.0" encoding="UTF-8"?>
<testng-results skipped="0" failed="0" ignored="0" total="2" passed="2">
  <reporter-output>
  </reporter-output>
  <suite name="Suite" duration-ms="25239" started-at="2021-11-08T09:15:44Z" finished-at="2021-11-08T09:16:09Z">
    <groups>
    </groups>
    <test name="TestIOS" duration-ms="24578" started-at="2021-11-08T09:15:44Z" finished-at="2021-11-08T09:16:09Z">
      <class name="com.experitest.auto.IOSDemoTest">
        <test-method status="PASS" signature="setUp(java.lang.String)[pri:0, instance:com.experitest.auto.IOSDemoTest@39c0f4a]" name="setUp" is-config="true" duration-ms="18827" started-at="2021-11-08T14:45:44Z" finished-at="2021-11-08T14:46:03Z">
          <params>
            <param index="0">
              <value>
                <![CDATA[@os='ios']]>
              </value>
            </param>
          </params>
          <reporter-output>
          </reporter-output>
        </test-method> <!-- setUp -->
        <test-method status="PASS" signature="test()[pri:0, instance:com.experitest.auto.IOSDemoTest@39c0f4a]" name="test" duration-ms="4" started-at="2021-11-08T14:46:03Z" finished-at="2021-11-08T14:46:03Z">
          <reporter-output>
          </reporter-output>
        </test-method> <!-- test -->
        <test-method status="PASS" signature="tearDown()[pri:0, instance:com.experitest.auto.IOSDemoTest@39c0f4a]" name="tearDown" is-config="true" duration-ms="5731" started-at="2021-11-08T14:46:03Z" finished-at="2021-11-08T14:46:09Z">
          <reporter-output>
          </reporter-output>
        </test-method> <!-- tearDown -->
      </class> <!-- com.experitest.auto.IOSDemoTest -->
    </test> <!-- TestIOS -->
    <test name="TestAndroid" duration-ms="25239" started-at="2021-11-08T09:15:44Z" finished-at="2021-11-08T09:16:09Z">
      <class name="com.experitest.auto.AndroidDemoTest">
        <test-method status="PASS" signature="setUp(java.lang.String)[pri:0, instance:com.experitest.auto.AndroidDemoTest@271053e1]" name="setUp" is-config="true" duration-ms="18925" started-at="2021-11-08T14:45:44Z" finished-at="2021-11-08T14:46:03Z">
          <params>
            <param index="0">
              <value>
                <![CDATA[@os='android']]>
              </value>
            </param>
          </params>
          <reporter-output>
          </reporter-output>
        </test-method> <!-- setUp -->
        <test-method status="PASS" signature="test()[pri:0, instance:com.experitest.auto.AndroidDemoTest@271053e1]" name="test" duration-ms="2" started-at="2021-11-08T14:46:03Z" finished-at="2021-11-08T14:46:03Z">
          <reporter-output>
          </reporter-output>
        </test-method> <!-- test -->
        <test-method status="PASS" signature="tearDown()[pri:0, instance:com.experitest.auto.AndroidDemoTest@271053e1]" name="tearDown" is-config="true" duration-ms="6297" started-at="2021-11-08T14:46:03Z" finished-at="2021-11-08T14:46:09Z">
          <reporter-output>
          </reporter-output>
        </test-method> <!-- tearDown -->
      </class> <!-- com.experitest.auto.AndroidDemoTest -->
    </test> <!-- TestAndroid -->
  </suite> <!-- Suite -->
</testng-results>
