<?xml version="1.0" encoding="UTF-8"?>
<testng-results skipped="0" failed="0" total="1" passed="1">
  <reporter-output>
  </reporter-output>
  <suite name="Default suite" duration-ms="9790" started-at="2021-10-22T09:54:42Z" finished-at="2021-10-22T09:54:52Z">
    <groups>
    </groups>
    <test name="Default test" duration-ms="9790" started-at="2021-10-22T09:54:42Z" finished-at="2021-10-22T09:54:52Z">
      <class name="Example.Jenkins1">
        <test-method status="PASS" signature="beforeTest()[pri:0, instance:Example.Jenkins1@4678c730]" name="beforeTest" is-config="true" duration-ms="2098" started-at="2021-10-22T15:24:42Z" finished-at="2021-10-22T15:24:44Z">
          <reporter-output>
          </reporter-output>
        </test-method> <!-- beforeTest -->
        <test-method status="PASS" signature="testEasy()[pri:0, instance:Example.Jenkins1@4678c730]" name="testEasy" duration-ms="6557" started-at="2021-10-22T15:24:44Z" finished-at="2021-10-22T15:24:51Z">
          <reporter-output>
          </reporter-output>
        </test-method> <!-- testEasy -->
        <test-method status="PASS" signature="afterTest()[pri:0, instance:Example.Jenkins1@4678c730]" name="afterTest" is-config="true" duration-ms="1128" started-at="2021-10-22T15:24:51Z" finished-at="2021-10-22T15:24:52Z">
          <reporter-output>
          </reporter-output>
        </test-method> <!-- afterTest -->
      </class> <!-- Example.Jenkins1 -->
    </test> <!-- Default test -->
  </suite> <!-- Default suite -->
</testng-results>
