<?xml version="1.0" encoding="UTF-8"?>
<!-- Generated by org.testng.reporters.JUnitXMLReporter -->
<testsuite hostname="LAPTOP-H3GEFRBU" ignored="0" name="Default test" tests="1" failures="0" timestamp="08 Nov 2021 06:43:07 GMT" time="0.129" errors="0">
  <testcase name="@BeforeMethod setUp" time="0.0" classname="com.experitest.auto.IOSDemoTest">
    <failure type="java.lang.IllegalArgumentException" message="Host name may not be null">
      <![CDATA[java.lang.IllegalArgumentException: Host name may not be null
	at org.apache.http.util.Args.containsNoBlanks(Args.java:81)
	at org.apache.http.HttpHost.<init>(HttpHost.java:80)
	at com.experitest.client.HttpApiAccessor.getHttpClientContext(HttpApiAccessor.java:123)
	at com.experitest.client.HttpApiAccessor.runApiAccess(HttpApiAccessor.java:169)
	at com.experitest.client.GridClient.postRequest(GridClient.java:199)
	at com.experitest.client.GridClient.lockDeviceForExecution(GridClient.java:308)
	at com.experitest.client.GridClient.lockDeviceForExecution(GridClient.java:253)
	at com.experitest.auto.BaseTest.init(BaseTest.java:36)
	at com.experitest.auto.IOSDemoTest.setUp(IOSDemoTest.java:12)
	at sun.reflect.NativeMethodAccessorImpl.invoke0(Native Method)
	at sun.reflect.NativeMethodAccessorImpl.invoke(Unknown Source)
	at sun.reflect.DelegatingMethodAccessorImpl.invoke(Unknown Source)
	at java.lang.reflect.Method.invoke(Unknown Source)
	at org.testng.internal.MethodInvocationHelper.invokeMethod(MethodInvocationHelper.java:104)
	at org.testng.internal.Invoker.invokeConfigurationMethod(Invoker.java:515)
	at org.testng.internal.Invoker.invokeConfigurations(Invoker.java:217)
	at org.testng.internal.Invoker.invokeMethod(Invoker.java:590)
	at org.testng.internal.Invoker.invokeTestMethod(Invoker.java:851)
	at org.testng.internal.Invoker.invokeTestMethods(Invoker.java:1177)
	at org.testng.internal.TestMethodWorker.invokeTestMethods(TestMethodWorker.java:129)
	at org.testng.internal.TestMethodWorker.run(TestMethodWorker.java:112)
	at org.testng.TestRunner.privateRun(TestRunner.java:756)
	at org.testng.TestRunner.run(TestRunner.java:610)
	at org.testng.SuiteRunner.runTest(SuiteRunner.java:387)
	at org.testng.SuiteRunner.runSequentially(SuiteRunner.java:382)
	at org.testng.SuiteRunner.privateRun(SuiteRunner.java:340)
	at org.testng.SuiteRunner.run(SuiteRunner.java:289)
	at org.testng.SuiteRunnerWorker.runSuite(SuiteRunnerWorker.java:52)
	at org.testng.SuiteRunnerWorker.run(SuiteRunnerWorker.java:86)
	at org.testng.TestNG.runSuitesSequentially(TestNG.java:1293)
	at org.testng.TestNG.runSuitesLocally(TestNG.java:1218)
	at org.testng.TestNG.runSuites(TestNG.java:1133)
	at org.testng.TestNG.run(TestNG.java:1104)
	at org.testng.remote.AbstractRemoteTestNG.run(AbstractRemoteTestNG.java:115)
	at org.testng.remote.RemoteTestNG.initAndRun(RemoteTestNG.java:251)
	at org.testng.remote.RemoteTestNG.main(RemoteTestNG.java:77)
]]>
    </failure>
  </testcase> <!-- @BeforeMethod setUp -->
  <testcase name="@AfterMethod tearDown" time="0.0" classname="com.experitest.auto.BaseTest">
    <skipped/>
  </testcase> <!-- @AfterMethod tearDown -->
  <testcase name="test" time="0.001" classname="com.experitest.auto.IOSDemoTest">
    <skipped/>
  </testcase> <!-- test -->
</testsuite> <!-- Default test -->
